<?xml version="1.0" encoding="UTF-8"?>
<testsuite name="org.zerock.jdbcex.dao.MemberDAOTest" tests="1" skipped="0" failures="0" errors="0" timestamp="2024-01-21T12:23:59" hostname="sinmingiui-MacBookAir.local" time="0.255">
  <properties/>
  <testcase name="회원정보수정()" classname="org.zerock.jdbcex.dao.MemberDAOTest" time="0.255"/>
  <system-out><![CDATA[]]></system-out>
  <system-err><![CDATA[SLF4J: No SLF4J providers were found.
SLF4J: Defaulting to no-operation (NOP) logger implementation
SLF4J: See https://www.slf4j.org/codes.html#noProviders for further details.
]]></system-err>
</testsuite>
